<?xml version="1.0" encoding="UTF-8"?>
<testsuite xmlns:xsi="http://www.w3.org/2001/XMLSchema-instance" xsi:noNamespaceSchemaLocation="https://maven.apache.org/surefire/maven-surefire-plugin/xsd/surefire-test-report-3.0.xsd" version="3.0" name="tests.BouncerUnitTests" time="0.128" tests="7" errors="0" skipped="0" failures="0">
  <properties>
[...]
</properties>
  <testcase name="testUpdateOldBouncerWithNullValues" classname="tests.BouncerUnitTests" time="0.046"/>
  <testcase name="testNoMovementWhenMaxTravelZero" classname="tests.BouncerUnitTests" time="0.003"/>
  <testcase name="testUpdateOldBouncer" classname="tests.BouncerUnitTests" time="0.004"/>
  <testcase name="testConstructorInitialization" classname="tests.BouncerUnitTests" time="0.002"/>
  <testcase name="testDirectionChange" classname="tests.BouncerUnitTests" time="0.005"/>
  <testcase name="testMaxTravelDecreaseAfterMaxDirectionChanges" classname="tests.BouncerUnitTests" time="0.002"/>
  <testcase name="testSetValidSize" classname="tests.BouncerUnitTests" time="0.002"/>
</testsuite>